This file contains any messages produced by compilers while
running configure, to aid debugging if configure makes a mistake.

It was created by cpuminer-multi configure 1.3.7, which was
generated by GNU Autoconf 2.71.  Invocation command line was

  $ ./configure --with-crypto --with-curl 'CFLAGS=-O2  -Ofast -fuse-linker-plugin -ftree-loop-if-convert-stores -march=native -DUSE_ASM -pg'

## --------- ##
## Platform. ##
## --------- ##

hostname = ventiska
uname -m = x86_64
uname -r = 6.0.0-0.deb11.2-amd64
uname -s = Linux
uname -v = #1 SMP PREEMPT_DYNAMIC Debian 6.0.3-1~bpo11+1 (2022-10-29)

/usr/bin/uname -p = unknown
/bin/uname -X     = unknown

/bin/arch              = x86_64
/usr/bin/arch -k       = unknown
/usr/convex/getsysinfo = unknown
/usr/bin/hostinfo      = unknown
/bin/machine           = unknown
/usr/bin/oslevel       = unknown
/bin/universe          = unknown

PATH: /usr/local/bin/
PATH: /usr/bin/
PATH: /bin/
PATH: /usr/local/games/
PATH: /usr/games/


## ----------- ##
## Core tests. ##
## ----------- ##

configure:2806: looking for aux files: compile missing install-sh config.guess config.sub
configure:2819:  trying ./
configure:2848:   ./compile found
configure:2848:   ./missing found
configure:2830:   ./install-sh found
configure:2848:   ./config.guess found
configure:2848:   ./config.sub found
configure:2968: checking build system type
configure:2983: result: x86_64-pc-linux-gnu
configure:3003: checking host system type
configure:3017: result: x86_64-pc-linux-gnu
configure:3037: checking target system type
configure:3051: result: x86_64-pc-linux-gnu
configure:3100: checking for a BSD-compatible install
configure:3173: result: /usr/bin/install -c
configure:3184: checking whether build environment is sane
configure:3239: result: yes
configure:3398: checking for a race-free mkdir -p
configure:3442: result: /usr/bin/mkdir -p
configure:3449: checking for gawk
configure:3470: found /usr/bin/gawk
configure:3481: result: gawk
configure:3492: checking whether make sets $(MAKE)
configure:3515: result: yes
configure:3545: checking whether make supports nested variables
configure:3563: result: yes
configure:3701: checking whether to enable maintainer-specific portions of Makefiles
configure:3711: result: no
configure:3738: checking whether make supports the include directive
configure:3753: make -f confmf.GNU && cat confinc.out
this is the am__doit target
configure:3756: $? = 0
configure:3775: result: yes (GNU style)
configure:3851: checking for gcc
configure:3872: found /usr/bin/gcc
configure:3883: result: gcc
configure:4236: checking for C compiler version
configure:4245: gcc --version >&5
gcc (Debian 12.2.0-14) 12.2.0
Copyright (C) 2022 Free Software Foundation, Inc.
This is free software; see the source for copying conditions.  There is NO
warranty; not even for MERCHANTABILITY or FITNESS FOR A PARTICULAR PURPOSE.

configure:4256: $? = 0
configure:4245: gcc -v >&5
Using built-in specs.
COLLECT_GCC=gcc
COLLECT_LTO_WRAPPER=/usr/lib/gcc/x86_64-linux-gnu/12/lto-wrapper
OFFLOAD_TARGET_NAMES=nvptx-none:amdgcn-amdhsa
OFFLOAD_TARGET_DEFAULT=1
Target: x86_64-linux-gnu
Configured with: ../src/configure -v --with-pkgversion='Debian 12.2.0-14' --with-bugurl=file:///usr/share/doc/gcc-12/README.Bugs --enable-languages=c,ada,c++,go,d,fortran,objc,obj-c++,m2 --prefix=/usr --with-gcc-major-version-only --program-suffix=-12 --program-prefix=x86_64-linux-gnu- --enable-shared --enable-linker-build-id --libexecdir=/usr/lib --without-included-gettext --enable-threads=posix --libdir=/usr/lib --enable-nls --enable-clocale=gnu --enable-libstdcxx-debug --enable-libstdcxx-time=yes --with-default-libstdcxx-abi=new --enable-gnu-unique-object --disable-vtable-verify --enable-plugin --enable-default-pie --with-system-zlib --enable-libphobos-checking=release --with-target-system-zlib=auto --enable-objc-gc=auto --enable-multiarch --disable-werror --enable-cet --with-arch-32=i686 --with-abi=m64 --with-multilib-list=m32,m64,mx32 --enable-multilib --with-tune=generic --enable-offload-targets=nvptx-none=/build/gcc-12-bTRWOB/gcc-12-12.2.0/debian/tmp-nvptx/usr,amdgcn-amdhsa=/build/gcc-12-bTRWOB/gcc-12-12.2.0/debian/tmp-gcn/usr --enable-offload-defaulted --without-cuda-driver --enable-checking=release --build=x86_64-linux-gnu --host=x86_64-linux-gnu --target=x86_64-linux-gnu
Thread model: posix
Supported LTO compression algorithms: zlib zstd
gcc version 12.2.0 (Debian 12.2.0-14) 
... rest of stderr output deleted ...
configure:4256: $? = 0
configure:4245: gcc -V >&5
gcc: error: unrecognized command-line option '-V'
gcc: fatal error: no input files
compilation terminated.
configure:4256: $? = 1
configure:4245: gcc -qversion >&5
gcc: error: unrecognized command-line option '-qversion'; did you mean '--version'?
gcc: fatal error: no input files
compilation terminated.
configure:4256: $? = 1
configure:4245: gcc -version >&5
gcc: error: unrecognized command-line option '-version'
gcc: fatal error: no input files
compilation terminated.
configure:4256: $? = 1
configure:4276: checking whether the C compiler works
configure:4298: gcc -O2  -Ofast -fuse-linker-plugin -ftree-loop-if-convert-stores -march=native -DUSE_ASM -pg   conftest.c  >&5
configure:4302: $? = 0
configure:4352: result: yes
configure:4355: checking for C compiler default output file name
configure:4357: result: a.out
configure:4363: checking for suffix of executables
configure:4370: gcc -o conftest -O2  -Ofast -fuse-linker-plugin -ftree-loop-if-convert-stores -march=native -DUSE_ASM -pg   conftest.c  >&5
configure:4374: $? = 0
configure:4397: result: 
configure:4419: checking whether we are cross compiling
configure:4427: gcc -o conftest -O2  -Ofast -fuse-linker-plugin -ftree-loop-if-convert-stores -march=native -DUSE_ASM -pg   conftest.c  >&5
configure:4431: $? = 0
configure:4438: ./conftest
configure:4442: $? = 0
configure:4457: result: no
configure:4462: checking for suffix of object files
configure:4485: gcc -c -O2  -Ofast -fuse-linker-plugin -ftree-loop-if-convert-stores -march=native -DUSE_ASM -pg  conftest.c >&5
configure:4489: $? = 0
configure:4511: result: o
configure:4515: checking whether the compiler supports GNU C
configure:4535: gcc -c -O2  -Ofast -fuse-linker-plugin -ftree-loop-if-convert-stores -march=native -DUSE_ASM -pg  conftest.c >&5
configure:4535: $? = 0
configure:4545: result: yes
configure:4556: checking whether gcc accepts -g
configure:4577: gcc -c -g  conftest.c >&5
configure:4577: $? = 0
configure:4621: result: yes
configure:4641: checking for gcc option to enable C11 features
configure:4656: gcc  -c -O2  -Ofast -fuse-linker-plugin -ftree-loop-if-convert-stores -march=native -DUSE_ASM -pg  conftest.c >&5
configure:4656: $? = 0
configure:4674: result: none needed
configure:4790: checking whether gcc understands -c and -o together
configure:4813: gcc -c conftest.c -o conftest2.o
configure:4816: $? = 0
configure:4813: gcc -c conftest.c -o conftest2.o
configure:4816: $? = 0
configure:4828: result: yes
configure:4847: checking dependency style of gcc
configure:4959: result: gcc3
configure:4981: checking how to run the C preprocessor
configure:5007: gcc -E  conftest.c
configure:5007: $? = 0
configure:5022: gcc -E  conftest.c
conftest.c:11:10: fatal error: ac_nonexistent.h: No such file or directory
   11 | #include <ac_nonexistent.h>
      |          ^~~~~~~~~~~~~~~~~~
compilation terminated.
configure:5022: $? = 1
configure: failed program was:
| /* confdefs.h */
| #define PACKAGE_NAME "cpuminer-multi"
| #define PACKAGE_TARNAME "cpuminer-multi"
| #define PACKAGE_VERSION "1.3.7"
| #define PACKAGE_STRING "cpuminer-multi 1.3.7"
| #define PACKAGE_BUGREPORT ""
| #define PACKAGE_URL ""
| #define PACKAGE "cpuminer-multi"
| #define VERSION "1.3.7"
| /* end confdefs.h.  */
| #include <ac_nonexistent.h>
configure:5049: result: gcc -E
configure:5063: gcc -E  conftest.c
configure:5063: $? = 0
configure:5078: gcc -E  conftest.c
conftest.c:11:10: fatal error: ac_nonexistent.h: No such file or directory
   11 | #include <ac_nonexistent.h>
      |          ^~~~~~~~~~~~~~~~~~
compilation terminated.
configure:5078: $? = 1
configure: failed program was:
| /* confdefs.h */
| #define PACKAGE_NAME "cpuminer-multi"
| #define PACKAGE_TARNAME "cpuminer-multi"
| #define PACKAGE_VERSION "1.3.7"
| #define PACKAGE_STRING "cpuminer-multi 1.3.7"
| #define PACKAGE_BUGREPORT ""
| #define PACKAGE_URL ""
| #define PACKAGE "cpuminer-multi"
| #define VERSION "1.3.7"
| /* end confdefs.h.  */
| #include <ac_nonexistent.h>
configure:5109: checking for grep that handles long lines and -e
configure:5173: result: /usr/bin/grep
configure:5178: checking for egrep
configure:5246: result: /usr/bin/grep -E
configure:5252: checking whether gcc needs -traditional
configure:5289: result: no
configure:5306: checking dependency style of gcc
configure:5416: result: gcc3
configure:5479: checking for ranlib
configure:5500: found /usr/bin/ranlib
configure:5511: result: ranlib
configure:5602: checking for g++
configure:5623: found /usr/bin/g++
configure:5634: result: g++
configure:5661: checking for C++ compiler version
configure:5670: g++ --version >&5
g++ (Debian 12.2.0-14) 12.2.0
Copyright (C) 2022 Free Software Foundation, Inc.
This is free software; see the source for copying conditions.  There is NO
warranty; not even for MERCHANTABILITY or FITNESS FOR A PARTICULAR PURPOSE.

configure:5681: $? = 0
configure:5670: g++ -v >&5
Using built-in specs.
COLLECT_GCC=g++
COLLECT_LTO_WRAPPER=/usr/lib/gcc/x86_64-linux-gnu/12/lto-wrapper
OFFLOAD_TARGET_NAMES=nvptx-none:amdgcn-amdhsa
OFFLOAD_TARGET_DEFAULT=1
Target: x86_64-linux-gnu
Configured with: ../src/configure -v --with-pkgversion='Debian 12.2.0-14' --with-bugurl=file:///usr/share/doc/gcc-12/README.Bugs --enable-languages=c,ada,c++,go,d,fortran,objc,obj-c++,m2 --prefix=/usr --with-gcc-major-version-only --program-suffix=-12 --program-prefix=x86_64-linux-gnu- --enable-shared --enable-linker-build-id --libexecdir=/usr/lib --without-included-gettext --enable-threads=posix --libdir=/usr/lib --enable-nls --enable-clocale=gnu --enable-libstdcxx-debug --enable-libstdcxx-time=yes --with-default-libstdcxx-abi=new --enable-gnu-unique-object --disable-vtable-verify --enable-plugin --enable-default-pie --with-system-zlib --enable-libphobos-checking=release --with-target-system-zlib=auto --enable-objc-gc=auto --enable-multiarch --disable-werror --enable-cet --with-arch-32=i686 --with-abi=m64 --with-multilib-list=m32,m64,mx32 --enable-multilib --with-tune=generic --enable-offload-targets=nvptx-none=/build/gcc-12-bTRWOB/gcc-12-12.2.0/debian/tmp-nvptx/usr,amdgcn-amdhsa=/build/gcc-12-bTRWOB/gcc-12-12.2.0/debian/tmp-gcn/usr --enable-offload-defaulted --without-cuda-driver --enable-checking=release --build=x86_64-linux-gnu --host=x86_64-linux-gnu --target=x86_64-linux-gnu
Thread model: posix
Supported LTO compression algorithms: zlib zstd
gcc version 12.2.0 (Debian 12.2.0-14) 
... rest of stderr output deleted ...
configure:5681: $? = 0
configure:5670: g++ -V >&5
g++: error: unrecognized command-line option '-V'
g++: fatal error: no input files
compilation terminated.
configure:5681: $? = 1
configure:5670: g++ -qversion >&5
g++: error: unrecognized command-line option '-qversion'; did you mean '--version'?
g++: fatal error: no input files
compilation terminated.
configure:5681: $? = 1
configure:5685: checking whether the compiler supports GNU C++
configure:5705: g++ -c   conftest.cpp >&5
configure:5705: $? = 0
configure:5715: result: yes
configure:5726: checking whether g++ accepts -g
configure:5747: g++ -c -g  conftest.cpp >&5
configure:5747: $? = 0
configure:5791: result: yes
configure:5811: checking for g++ option to enable C++11 features
configure:5826: g++  -c -g -O2  conftest.cpp >&5
conftest.cpp: In function 'int main(int, char**)':
conftest.cpp:177:25: warning: empty parentheses were disambiguated as a function declaration [-Wvexing-parse]
  177 |   cxx11test::delegate d2();
      |                         ^~
conftest.cpp:177:25: note: remove parentheses to default-initialize a variable
  177 |   cxx11test::delegate d2();
      |                         ^~
      |                         --
conftest.cpp:177:25: note: or replace parentheses with braces to value-initialize a variable
configure:5826: $? = 0
configure:5844: result: none needed
configure:5910: checking dependency style of g++
configure:6022: result: gcc3
configure:6042: checking for stdio.h
configure:6042: gcc -c -O2  -Ofast -fuse-linker-plugin -ftree-loop-if-convert-stores -march=native -DUSE_ASM -pg  conftest.c >&5
configure:6042: $? = 0
configure:6042: result: yes
configure:6042: checking for stdlib.h
configure:6042: gcc -c -O2  -Ofast -fuse-linker-plugin -ftree-loop-if-convert-stores -march=native -DUSE_ASM -pg  conftest.c >&5
configure:6042: $? = 0
configure:6042: result: yes
configure:6042: checking for string.h
configure:6042: gcc -c -O2  -Ofast -fuse-linker-plugin -ftree-loop-if-convert-stores -march=native -DUSE_ASM -pg  conftest.c >&5
configure:6042: $? = 0
configure:6042: result: yes
configure:6042: checking for inttypes.h
configure:6042: gcc -c -O2  -Ofast -fuse-linker-plugin -ftree-loop-if-convert-stores -march=native -DUSE_ASM -pg  conftest.c >&5
configure:6042: $? = 0
configure:6042: result: yes
configure:6042: checking for stdint.h
configure:6042: gcc -c -O2  -Ofast -fuse-linker-plugin -ftree-loop-if-convert-stores -march=native -DUSE_ASM -pg  conftest.c >&5
configure:6042: $? = 0
configure:6042: result: yes
configure:6042: checking for strings.h
configure:6042: gcc -c -O2  -Ofast -fuse-linker-plugin -ftree-loop-if-convert-stores -march=native -DUSE_ASM -pg  conftest.c >&5
configure:6042: $? = 0
configure:6042: result: yes
configure:6042: checking for sys/stat.h
configure:6042: gcc -c -O2  -Ofast -fuse-linker-plugin -ftree-loop-if-convert-stores -march=native -DUSE_ASM -pg  conftest.c >&5
configure:6042: $? = 0
configure:6042: result: yes
configure:6042: checking for sys/types.h
configure:6042: gcc -c -O2  -Ofast -fuse-linker-plugin -ftree-loop-if-convert-stores -march=native -DUSE_ASM -pg  conftest.c >&5
configure:6042: $? = 0
configure:6042: result: yes
configure:6042: checking for unistd.h
configure:6042: gcc -c -O2  -Ofast -fuse-linker-plugin -ftree-loop-if-convert-stores -march=native -DUSE_ASM -pg  conftest.c >&5
configure:6042: $? = 0
configure:6042: result: yes
configure:6070: checking for egrep
configure:6138: result: /usr/bin/grep -E
configure:6144: checking for sys/endian.h
configure:6144: gcc -c -O2  -Ofast -fuse-linker-plugin -ftree-loop-if-convert-stores -march=native -DUSE_ASM -pg  conftest.c >&5
conftest.c:49:10: fatal error: sys/endian.h: No such file or directory
   49 | #include <sys/endian.h>
      |          ^~~~~~~~~~~~~~
compilation terminated.
configure:6144: $? = 1
configure: failed program was:
| /* confdefs.h */
| #define PACKAGE_NAME "cpuminer-multi"
| #define PACKAGE_TARNAME "cpuminer-multi"
| #define PACKAGE_VERSION "1.3.7"
| #define PACKAGE_STRING "cpuminer-multi 1.3.7"
| #define PACKAGE_BUGREPORT ""
| #define PACKAGE_URL ""
| #define PACKAGE "cpuminer-multi"
| #define VERSION "1.3.7"
| #define HAVE_STDIO_H 1
| #define HAVE_STDLIB_H 1
| #define HAVE_STRING_H 1
| #define HAVE_INTTYPES_H 1
| #define HAVE_STDINT_H 1
| #define HAVE_STRINGS_H 1
| #define HAVE_SYS_STAT_H 1
| #define HAVE_SYS_TYPES_H 1
| #define HAVE_UNISTD_H 1
| #define STDC_HEADERS 1
| /* end confdefs.h.  */
| #include <stddef.h>
| #ifdef HAVE_STDIO_H
| # include <stdio.h>
| #endif
| #ifdef HAVE_STDLIB_H
| # include <stdlib.h>
| #endif
| #ifdef HAVE_STRING_H
| # include <string.h>
| #endif
| #ifdef HAVE_INTTYPES_H
| # include <inttypes.h>
| #endif
| #ifdef HAVE_STDINT_H
| # include <stdint.h>
| #endif
| #ifdef HAVE_STRINGS_H
| # include <strings.h>
| #endif
| #ifdef HAVE_SYS_TYPES_H
| # include <sys/types.h>
| #endif
| #ifdef HAVE_SYS_STAT_H
| # include <sys/stat.h>
| #endif
| #ifdef HAVE_UNISTD_H
| # include <unistd.h>
| #endif
| #include <sys/endian.h>
configure:6144: result: no
configure:6150: checking for sys/param.h
configure:6150: gcc -c -O2  -Ofast -fuse-linker-plugin -ftree-loop-if-convert-stores -march=native -DUSE_ASM -pg  conftest.c >&5
configure:6150: $? = 0
configure:6150: result: yes
configure:6156: checking for syslog.h
configure:6156: gcc -c -O2  -Ofast -fuse-linker-plugin -ftree-loop-if-convert-stores -march=native -DUSE_ASM -pg  conftest.c >&5
configure:6156: $? = 0
configure:6156: result: yes
configure:6165: checking for sys/sysctl.h
configure:6165: gcc -c -O2  -Ofast -fuse-linker-plugin -ftree-loop-if-convert-stores -march=native -DUSE_ASM -pg  conftest.c >&5
conftest.c:29:10: fatal error: sys/sysctl.h: No such file or directory
   29 | #include <sys/sysctl.h>
      |          ^~~~~~~~~~~~~~
compilation terminated.
configure:6165: $? = 1
configure: failed program was:
| /* confdefs.h */
| #define PACKAGE_NAME "cpuminer-multi"
| #define PACKAGE_TARNAME "cpuminer-multi"
| #define PACKAGE_VERSION "1.3.7"
| #define PACKAGE_STRING "cpuminer-multi 1.3.7"
| #define PACKAGE_BUGREPORT ""
| #define PACKAGE_URL ""
| #define PACKAGE "cpuminer-multi"
| #define VERSION "1.3.7"
| #define HAVE_STDIO_H 1
| #define HAVE_STDLIB_H 1
| #define HAVE_STRING_H 1
| #define HAVE_INTTYPES_H 1
| #define HAVE_STDINT_H 1
| #define HAVE_STRINGS_H 1
| #define HAVE_SYS_STAT_H 1
| #define HAVE_SYS_TYPES_H 1
| #define HAVE_UNISTD_H 1
| #define STDC_HEADERS 1
| #define HAVE_SYS_PARAM_H 1
| #define HAVE_SYSLOG_H 1
| /* end confdefs.h.  */
| #include <sys/types.h>
| #ifdef HAVE_SYS_PARAM_H
| #include <sys/param.h>
| #endif
| 
| 
| #include <sys/sysctl.h>
configure:6165: result: no
configure:6178: checking for gcc options needed to detect all undeclared functions
configure:6200: gcc -c -O2  -Ofast -fuse-linker-plugin -ftree-loop-if-convert-stores -march=native -DUSE_ASM -pg   conftest.c >&5
conftest.c: In function 'main':
conftest.c:27:8: error: 'strchr' undeclared (first use in this function)
   27 | (void) strchr;
      |        ^~~~~~
conftest.c:1:1: note: 'strchr' is defined in header '<string.h>'; did you forget to '#include <string.h>'?
    1 | /* confdefs.h */
conftest.c:27:8: note: each undeclared identifier is reported only once for each function it appears in
   27 | (void) strchr;
      |        ^~~~~~
configure:6200: $? = 1
configure: failed program was:
| /* confdefs.h */
| #define PACKAGE_NAME "cpuminer-multi"
| #define PACKAGE_TARNAME "cpuminer-multi"
| #define PACKAGE_VERSION "1.3.7"
| #define PACKAGE_STRING "cpuminer-multi 1.3.7"
| #define PACKAGE_BUGREPORT ""
| #define PACKAGE_URL ""
| #define PACKAGE "cpuminer-multi"
| #define VERSION "1.3.7"
| #define HAVE_STDIO_H 1
| #define HAVE_STDLIB_H 1
| #define HAVE_STRING_H 1
| #define HAVE_INTTYPES_H 1
| #define HAVE_STDINT_H 1
| #define HAVE_STRINGS_H 1
| #define HAVE_SYS_STAT_H 1
| #define HAVE_SYS_TYPES_H 1
| #define HAVE_UNISTD_H 1
| #define STDC_HEADERS 1
| #define HAVE_SYS_PARAM_H 1
| #define HAVE_SYSLOG_H 1
| /* end confdefs.h.  */
| 
| int
| main (void)
| {
| (void) strchr;
|   ;
|   return 0;
| }
configure:6227: gcc -c -O2  -Ofast -fuse-linker-plugin -ftree-loop-if-convert-stores -march=native -DUSE_ASM -pg   conftest.c >&5
configure:6227: $? = 0
configure:6244: result: none needed
configure:6258: checking whether be32dec is declared
configure:6258: gcc -c -O2  -Ofast -fuse-linker-plugin -ftree-loop-if-convert-stores -march=native -DUSE_ASM -pg   conftest.c >&5
conftest.c: In function 'main':
conftest.c:63:10: error: 'be32dec' undeclared (first use in this function)
   63 |   (void) be32dec;
      |          ^~~~~~~
conftest.c:63:10: note: each undeclared identifier is reported only once for each function it appears in
configure:6258: $? = 1
configure: failed program was:
| /* confdefs.h */
| #define PACKAGE_NAME "cpuminer-multi"
| #define PACKAGE_TARNAME "cpuminer-multi"
| #define PACKAGE_VERSION "1.3.7"
| #define PACKAGE_STRING "cpuminer-multi 1.3.7"
| #define PACKAGE_BUGREPORT ""
| #define PACKAGE_URL ""
| #define PACKAGE "cpuminer-multi"
| #define VERSION "1.3.7"
| #define HAVE_STDIO_H 1
| #define HAVE_STDLIB_H 1
| #define HAVE_STRING_H 1
| #define HAVE_INTTYPES_H 1
| #define HAVE_STDINT_H 1
| #define HAVE_STRINGS_H 1
| #define HAVE_SYS_STAT_H 1
| #define HAVE_SYS_TYPES_H 1
| #define HAVE_UNISTD_H 1
| #define STDC_HEADERS 1
| #define HAVE_SYS_PARAM_H 1
| #define HAVE_SYSLOG_H 1
| /* end confdefs.h.  */
| #include <stddef.h>
| #ifdef HAVE_STDIO_H
| # include <stdio.h>
| #endif
| #ifdef HAVE_STDLIB_H
| # include <stdlib.h>
| #endif
| #ifdef HAVE_STRING_H
| # include <string.h>
| #endif
| #ifdef HAVE_INTTYPES_H
| # include <inttypes.h>
| #endif
| #ifdef HAVE_STDINT_H
| # include <stdint.h>
| #endif
| #ifdef HAVE_STRINGS_H
| # include <strings.h>
| #endif
| #ifdef HAVE_SYS_TYPES_H
| # include <sys/types.h>
| #endif
| #ifdef HAVE_SYS_STAT_H
| # include <sys/stat.h>
| #endif
| #ifdef HAVE_UNISTD_H
| # include <unistd.h>
| #endif
| #ifdef HAVE_SYS_ENDIAN_H
| #include <sys/endian.h>
| #endif
| 
| 
| int
| main (void)
| {
| #ifndef be32dec
| #ifdef __cplusplus
|   (void) be32dec;
| #else
|   (void) be32dec;
| #endif
| #endif
| 
|   ;
|   return 0;
| }
configure:6258: result: no
configure:6271: checking whether le32dec is declared
configure:6271: gcc -c -O2  -Ofast -fuse-linker-plugin -ftree-loop-if-convert-stores -march=native -DUSE_ASM -pg   conftest.c >&5
conftest.c: In function 'main':
conftest.c:64:10: error: 'le32dec' undeclared (first use in this function)
   64 |   (void) le32dec;
      |          ^~~~~~~
conftest.c:64:10: note: each undeclared identifier is reported only once for each function it appears in
configure:6271: $? = 1
configure: failed program was:
| /* confdefs.h */
| #define PACKAGE_NAME "cpuminer-multi"
| #define PACKAGE_TARNAME "cpuminer-multi"
| #define PACKAGE_VERSION "1.3.7"
| #define PACKAGE_STRING "cpuminer-multi 1.3.7"
| #define PACKAGE_BUGREPORT ""
| #define PACKAGE_URL ""
| #define PACKAGE "cpuminer-multi"
| #define VERSION "1.3.7"
| #define HAVE_STDIO_H 1
| #define HAVE_STDLIB_H 1
| #define HAVE_STRING_H 1
| #define HAVE_INTTYPES_H 1
| #define HAVE_STDINT_H 1
| #define HAVE_STRINGS_H 1
| #define HAVE_SYS_STAT_H 1
| #define HAVE_SYS_TYPES_H 1
| #define HAVE_UNISTD_H 1
| #define STDC_HEADERS 1
| #define HAVE_SYS_PARAM_H 1
| #define HAVE_SYSLOG_H 1
| #define HAVE_DECL_BE32DEC 0
| /* end confdefs.h.  */
| #include <stddef.h>
| #ifdef HAVE_STDIO_H
| # include <stdio.h>
| #endif
| #ifdef HAVE_STDLIB_H
| # include <stdlib.h>
| #endif
| #ifdef HAVE_STRING_H
| # include <string.h>
| #endif
| #ifdef HAVE_INTTYPES_H
| # include <inttypes.h>
| #endif
| #ifdef HAVE_STDINT_H
| # include <stdint.h>
| #endif
| #ifdef HAVE_STRINGS_H
| # include <strings.h>
| #endif
| #ifdef HAVE_SYS_TYPES_H
| # include <sys/types.h>
| #endif
| #ifdef HAVE_SYS_STAT_H
| # include <sys/stat.h>
| #endif
| #ifdef HAVE_UNISTD_H
| # include <unistd.h>
| #endif
| #ifdef HAVE_SYS_ENDIAN_H
| #include <sys/endian.h>
| #endif
| 
| 
| int
| main (void)
| {
| #ifndef le32dec
| #ifdef __cplusplus
|   (void) le32dec;
| #else
|   (void) le32dec;
| #endif
| #endif
| 
|   ;
|   return 0;
| }
configure:6271: result: no
configure:6284: checking whether be32enc is declared
configure:6284: gcc -c -O2  -Ofast -fuse-linker-plugin -ftree-loop-if-convert-stores -march=native -DUSE_ASM -pg   conftest.c >&5
conftest.c: In function 'main':
conftest.c:65:10: error: 'be32enc' undeclared (first use in this function)
   65 |   (void) be32enc;
      |          ^~~~~~~
conftest.c:65:10: note: each undeclared identifier is reported only once for each function it appears in
configure:6284: $? = 1
configure: failed program was:
| /* confdefs.h */
| #define PACKAGE_NAME "cpuminer-multi"
| #define PACKAGE_TARNAME "cpuminer-multi"
| #define PACKAGE_VERSION "1.3.7"
| #define PACKAGE_STRING "cpuminer-multi 1.3.7"
| #define PACKAGE_BUGREPORT ""
| #define PACKAGE_URL ""
| #define PACKAGE "cpuminer-multi"
| #define VERSION "1.3.7"
| #define HAVE_STDIO_H 1
| #define HAVE_STDLIB_H 1
| #define HAVE_STRING_H 1
| #define HAVE_INTTYPES_H 1
| #define HAVE_STDINT_H 1
| #define HAVE_STRINGS_H 1
| #define HAVE_SYS_STAT_H 1
| #define HAVE_SYS_TYPES_H 1
| #define HAVE_UNISTD_H 1
| #define STDC_HEADERS 1
| #define HAVE_SYS_PARAM_H 1
| #define HAVE_SYSLOG_H 1
| #define HAVE_DECL_BE32DEC 0
| #define HAVE_DECL_LE32DEC 0
| /* end confdefs.h.  */
| #include <stddef.h>
| #ifdef HAVE_STDIO_H
| # include <stdio.h>
| #endif
| #ifdef HAVE_STDLIB_H
| # include <stdlib.h>
| #endif
| #ifdef HAVE_STRING_H
| # include <string.h>
| #endif
| #ifdef HAVE_INTTYPES_H
| # include <inttypes.h>
| #endif
| #ifdef HAVE_STDINT_H
| # include <stdint.h>
| #endif
| #ifdef HAVE_STRINGS_H
| # include <strings.h>
| #endif
| #ifdef HAVE_SYS_TYPES_H
| # include <sys/types.h>
| #endif
| #ifdef HAVE_SYS_STAT_H
| # include <sys/stat.h>
| #endif
| #ifdef HAVE_UNISTD_H
| # include <unistd.h>
| #endif
| #ifdef HAVE_SYS_ENDIAN_H
| #include <sys/endian.h>
| #endif
| 
| 
| int
| main (void)
| {
| #ifndef be32enc
| #ifdef __cplusplus
|   (void) be32enc;
| #else
|   (void) be32enc;
| #endif
| #endif
| 
|   ;
|   return 0;
| }
configure:6284: result: no
configure:6297: checking whether le32enc is declared
configure:6297: gcc -c -O2  -Ofast -fuse-linker-plugin -ftree-loop-if-convert-stores -march=native -DUSE_ASM -pg   conftest.c >&5
conftest.c: In function 'main':
conftest.c:66:10: error: 'le32enc' undeclared (first use in this function)
   66 |   (void) le32enc;
      |          ^~~~~~~
conftest.c:66:10: note: each undeclared identifier is reported only once for each function it appears in
configure:6297: $? = 1
configure: failed program was:
| /* confdefs.h */
| #define PACKAGE_NAME "cpuminer-multi"
| #define PACKAGE_TARNAME "cpuminer-multi"
| #define PACKAGE_VERSION "1.3.7"
| #define PACKAGE_STRING "cpuminer-multi 1.3.7"
| #define PACKAGE_BUGREPORT ""
| #define PACKAGE_URL ""
| #define PACKAGE "cpuminer-multi"
| #define VERSION "1.3.7"
| #define HAVE_STDIO_H 1
| #define HAVE_STDLIB_H 1
| #define HAVE_STRING_H 1
| #define HAVE_INTTYPES_H 1
| #define HAVE_STDINT_H 1
| #define HAVE_STRINGS_H 1
| #define HAVE_SYS_STAT_H 1
| #define HAVE_SYS_TYPES_H 1
| #define HAVE_UNISTD_H 1
| #define STDC_HEADERS 1
| #define HAVE_SYS_PARAM_H 1
| #define HAVE_SYSLOG_H 1
| #define HAVE_DECL_BE32DEC 0
| #define HAVE_DECL_LE32DEC 0
| #define HAVE_DECL_BE32ENC 0
| /* end confdefs.h.  */
| #include <stddef.h>
| #ifdef HAVE_STDIO_H
| # include <stdio.h>
| #endif
| #ifdef HAVE_STDLIB_H
| # include <stdlib.h>
| #endif
| #ifdef HAVE_STRING_H
| # include <string.h>
| #endif
| #ifdef HAVE_INTTYPES_H
| # include <inttypes.h>
| #endif
| #ifdef HAVE_STDINT_H
| # include <stdint.h>
| #endif
| #ifdef HAVE_STRINGS_H
| # include <strings.h>
| #endif
| #ifdef HAVE_SYS_TYPES_H
| # include <sys/types.h>
| #endif
| #ifdef HAVE_SYS_STAT_H
| # include <sys/stat.h>
| #endif
| #ifdef HAVE_UNISTD_H
| # include <unistd.h>
| #endif
| #ifdef HAVE_SYS_ENDIAN_H
| #include <sys/endian.h>
| #endif
| 
| 
| int
| main (void)
| {
| #ifndef le32enc
| #ifdef __cplusplus
|   (void) le32enc;
| #else
|   (void) le32enc;
| #endif
| #endif
| 
|   ;
|   return 0;
| }
configure:6297: result: no
configure:6310: checking whether le16dec is declared
configure:6310: gcc -c -O2  -Ofast -fuse-linker-plugin -ftree-loop-if-convert-stores -march=native -DUSE_ASM -pg   conftest.c >&5
conftest.c: In function 'main':
conftest.c:67:10: error: 'le16dec' undeclared (first use in this function)
   67 |   (void) le16dec;
      |          ^~~~~~~
conftest.c:67:10: note: each undeclared identifier is reported only once for each function it appears in
configure:6310: $? = 1
configure: failed program was:
| /* confdefs.h */
| #define PACKAGE_NAME "cpuminer-multi"
| #define PACKAGE_TARNAME "cpuminer-multi"
| #define PACKAGE_VERSION "1.3.7"
| #define PACKAGE_STRING "cpuminer-multi 1.3.7"
| #define PACKAGE_BUGREPORT ""
| #define PACKAGE_URL ""
| #define PACKAGE "cpuminer-multi"
| #define VERSION "1.3.7"
| #define HAVE_STDIO_H 1
| #define HAVE_STDLIB_H 1
| #define HAVE_STRING_H 1
| #define HAVE_INTTYPES_H 1
| #define HAVE_STDINT_H 1
| #define HAVE_STRINGS_H 1
| #define HAVE_SYS_STAT_H 1
| #define HAVE_SYS_TYPES_H 1
| #define HAVE_UNISTD_H 1
| #define STDC_HEADERS 1
| #define HAVE_SYS_PARAM_H 1
| #define HAVE_SYSLOG_H 1
| #define HAVE_DECL_BE32DEC 0
| #define HAVE_DECL_LE32DEC 0
| #define HAVE_DECL_BE32ENC 0
| #define HAVE_DECL_LE32ENC 0
| /* end confdefs.h.  */
| #include <stddef.h>
| #ifdef HAVE_STDIO_H
| # include <stdio.h>
| #endif
| #ifdef HAVE_STDLIB_H
| # include <stdlib.h>
| #endif
| #ifdef HAVE_STRING_H
| # include <string.h>
| #endif
| #ifdef HAVE_INTTYPES_H
| # include <inttypes.h>
| #endif
| #ifdef HAVE_STDINT_H
| # include <stdint.h>
| #endif
| #ifdef HAVE_STRINGS_H
| # include <strings.h>
| #endif
| #ifdef HAVE_SYS_TYPES_H
| # include <sys/types.h>
| #endif
| #ifdef HAVE_SYS_STAT_H
| # include <sys/stat.h>
| #endif
| #ifdef HAVE_UNISTD_H
| # include <unistd.h>
| #endif
| #ifdef HAVE_SYS_ENDIAN_H
| #include <sys/endian.h>
| #endif
| 
| 
| int
| main (void)
| {
| #ifndef le16dec
| #ifdef __cplusplus
|   (void) le16dec;
| #else
|   (void) le16dec;
| #endif
| #endif
| 
|   ;
|   return 0;
| }
configure:6310: result: no
configure:6323: checking whether le16enc is declared
configure:6323: gcc -c -O2  -Ofast -fuse-linker-plugin -ftree-loop-if-convert-stores -march=native -DUSE_ASM -pg   conftest.c >&5
conftest.c: In function 'main':
conftest.c:68:10: error: 'le16enc' undeclared (first use in this function)
   68 |   (void) le16enc;
      |          ^~~~~~~
conftest.c:68:10: note: each undeclared identifier is reported only once for each function it appears in
configure:6323: $? = 1
configure: failed program was:
| /* confdefs.h */
| #define PACKAGE_NAME "cpuminer-multi"
| #define PACKAGE_TARNAME "cpuminer-multi"
| #define PACKAGE_VERSION "1.3.7"
| #define PACKAGE_STRING "cpuminer-multi 1.3.7"
| #define PACKAGE_BUGREPORT ""
| #define PACKAGE_URL ""
| #define PACKAGE "cpuminer-multi"
| #define VERSION "1.3.7"
| #define HAVE_STDIO_H 1
| #define HAVE_STDLIB_H 1
| #define HAVE_STRING_H 1
| #define HAVE_INTTYPES_H 1
| #define HAVE_STDINT_H 1
| #define HAVE_STRINGS_H 1
| #define HAVE_SYS_STAT_H 1
| #define HAVE_SYS_TYPES_H 1
| #define HAVE_UNISTD_H 1
| #define STDC_HEADERS 1
| #define HAVE_SYS_PARAM_H 1
| #define HAVE_SYSLOG_H 1
| #define HAVE_DECL_BE32DEC 0
| #define HAVE_DECL_LE32DEC 0
| #define HAVE_DECL_BE32ENC 0
| #define HAVE_DECL_LE32ENC 0
| #define HAVE_DECL_LE16DEC 0
| /* end confdefs.h.  */
| #include <stddef.h>
| #ifdef HAVE_STDIO_H
| # include <stdio.h>
| #endif
| #ifdef HAVE_STDLIB_H
| # include <stdlib.h>
| #endif
| #ifdef HAVE_STRING_H
| # include <string.h>
| #endif
| #ifdef HAVE_INTTYPES_H
| # include <inttypes.h>
| #endif
| #ifdef HAVE_STDINT_H
| # include <stdint.h>
| #endif
| #ifdef HAVE_STRINGS_H
| # include <strings.h>
| #endif
| #ifdef HAVE_SYS_TYPES_H
| # include <sys/types.h>
| #endif
| #ifdef HAVE_SYS_STAT_H
| # include <sys/stat.h>
| #endif
| #ifdef HAVE_UNISTD_H
| # include <unistd.h>
| #endif
| #ifdef HAVE_SYS_ENDIAN_H
| #include <sys/endian.h>
| #endif
| 
| 
| int
| main (void)
| {
| #ifndef le16enc
| #ifdef __cplusplus
|   (void) le16enc;
| #else
|   (void) le16enc;
| #endif
| #endif
| 
|   ;
|   return 0;
| }
configure:6323: result: no
configure:6338: checking for size_t
configure:6338: gcc -c -O2  -Ofast -fuse-linker-plugin -ftree-loop-if-convert-stores -march=native -DUSE_ASM -pg  conftest.c >&5
configure:6338: $? = 0
configure:6338: gcc -c -O2  -Ofast -fuse-linker-plugin -ftree-loop-if-convert-stores -march=native -DUSE_ASM -pg  conftest.c >&5
conftest.c: In function 'main':
conftest.c:60:21: error: expected expression before ')' token
   60 | if (sizeof ((size_t)))
      |                     ^
configure:6338: $? = 1
configure: failed program was:
| /* confdefs.h */
| #define PACKAGE_NAME "cpuminer-multi"
| #define PACKAGE_TARNAME "cpuminer-multi"
| #define PACKAGE_VERSION "1.3.7"
| #define PACKAGE_STRING "cpuminer-multi 1.3.7"
| #define PACKAGE_BUGREPORT ""
| #define PACKAGE_URL ""
| #define PACKAGE "cpuminer-multi"
| #define VERSION "1.3.7"
| #define HAVE_STDIO_H 1
| #define HAVE_STDLIB_H 1
| #define HAVE_STRING_H 1
| #define HAVE_INTTYPES_H 1
| #define HAVE_STDINT_H 1
| #define HAVE_STRINGS_H 1
| #define HAVE_SYS_STAT_H 1
| #define HAVE_SYS_TYPES_H 1
| #define HAVE_UNISTD_H 1
| #define STDC_HEADERS 1
| #define HAVE_SYS_PARAM_H 1
| #define HAVE_SYSLOG_H 1
| #define HAVE_DECL_BE32DEC 0
| #define HAVE_DECL_LE32DEC 0
| #define HAVE_DECL_BE32ENC 0
| #define HAVE_DECL_LE32ENC 0
| #define HAVE_DECL_LE16DEC 0
| #define HAVE_DECL_LE16ENC 0
| /* end confdefs.h.  */
| #include <stddef.h>
| #ifdef HAVE_STDIO_H
| # include <stdio.h>
| #endif
| #ifdef HAVE_STDLIB_H
| # include <stdlib.h>
| #endif
| #ifdef HAVE_STRING_H
| # include <string.h>
| #endif
| #ifdef HAVE_INTTYPES_H
| # include <inttypes.h>
| #endif
| #ifdef HAVE_STDINT_H
| # include <stdint.h>
| #endif
| #ifdef HAVE_STRINGS_H
| # include <strings.h>
| #endif
| #ifdef HAVE_SYS_TYPES_H
| # include <sys/types.h>
| #endif
| #ifdef HAVE_SYS_STAT_H
| # include <sys/stat.h>
| #endif
| #ifdef HAVE_UNISTD_H
| # include <unistd.h>
| #endif
| int
| main (void)
| {
| if (sizeof ((size_t)))
| 	    return 0;
|   ;
|   return 0;
| }
configure:6338: result: yes
configure:6350: checking for working alloca.h
configure:6368: gcc -o conftest -O2  -Ofast -fuse-linker-plugin -ftree-loop-if-convert-stores -march=native -DUSE_ASM -pg   conftest.c  >&5
configure:6368: $? = 0
configure:6377: result: yes
configure:6385: checking for alloca
configure:6430: result: yes
configure:6497: checking for getopt_long
configure:6497: gcc -o conftest -O2  -Ofast -fuse-linker-plugin -ftree-loop-if-convert-stores -march=native -DUSE_ASM -pg   conftest.c  >&5
configure:6497: $? = 0
configure:6497: result: yes
configure:6550: checking whether we can compile AVX code
configure:6563: gcc -c -O2  -Ofast -fuse-linker-plugin -ftree-loop-if-convert-stores -march=native -DUSE_ASM -pg  conftest.c >&5
configure:6563: $? = 0
configure:6568: result: yes
configure:6570: checking whether we can compile XOP code
configure:6583: gcc -c -O2  -Ofast -fuse-linker-plugin -ftree-loop-if-convert-stores -march=native -DUSE_ASM -pg  conftest.c >&5
configure:6583: $? = 0
configure:6588: result: yes
configure:6599: checking whether we can compile AVX2 code
configure:6612: gcc -c -O2  -Ofast -fuse-linker-plugin -ftree-loop-if-convert-stores -march=native -DUSE_ASM -pg  conftest.c >&5
configure:6612: $? = 0
configure:6617: result: yes
configure:6639: checking for json_loads in -ljansson
configure:6662: gcc -o conftest -O2  -Ofast -fuse-linker-plugin -ftree-loop-if-convert-stores -march=native -DUSE_ASM -pg   conftest.c -ljansson   >&5
/usr/bin/ld: cannot find -ljansson: No such file or directory
collect2: error: ld returned 1 exit status
configure:6662: $? = 1
configure: failed program was:
| /* confdefs.h */
| #define PACKAGE_NAME "cpuminer-multi"
| #define PACKAGE_TARNAME "cpuminer-multi"
| #define PACKAGE_VERSION "1.3.7"
| #define PACKAGE_STRING "cpuminer-multi 1.3.7"
| #define PACKAGE_BUGREPORT ""
| #define PACKAGE_URL ""
| #define PACKAGE "cpuminer-multi"
| #define VERSION "1.3.7"
| #define HAVE_STDIO_H 1
| #define HAVE_STDLIB_H 1
| #define HAVE_STRING_H 1
| #define HAVE_INTTYPES_H 1
| #define HAVE_STDINT_H 1
| #define HAVE_STRINGS_H 1
| #define HAVE_SYS_STAT_H 1
| #define HAVE_SYS_TYPES_H 1
| #define HAVE_UNISTD_H 1
| #define STDC_HEADERS 1
| #define HAVE_SYS_PARAM_H 1
| #define HAVE_SYSLOG_H 1
| #define HAVE_DECL_BE32DEC 0
| #define HAVE_DECL_LE32DEC 0
| #define HAVE_DECL_BE32ENC 0
| #define HAVE_DECL_LE32ENC 0
| #define HAVE_DECL_LE16DEC 0
| #define HAVE_DECL_LE16ENC 0
| #define HAVE_ALLOCA_H 1
| #define HAVE_ALLOCA 1
| #define HAVE_GETOPT_LONG 1
| #define USE_ASM 1
| #define USE_AVX 1
| #define USE_XOP 1
| #define USE_AVX2 1
| /* end confdefs.h.  */
| 
| /* Override any GCC internal prototype to avoid an error.
|    Use char because int might match the return type of a GCC
|    builtin and then its argument prototype would still apply.  */
| char json_loads ();
| int
| main (void)
| {
| return json_loads ();
|   ;
|   return 0;
| }
configure:6672: result: no
configure:6726: checking for pthread_create in -lpthread
configure:6749: gcc -o conftest -O2  -Ofast -fuse-linker-plugin -ftree-loop-if-convert-stores -march=native -DUSE_ASM -pg   conftest.c -lpthread   >&5
configure:6749: $? = 0
configure:6759: result: yes
configure:6771: checking whether __uint128_t is supported
configure:6784: gcc -c -O2  -Ofast -fuse-linker-plugin -ftree-loop-if-convert-stores -march=native -DUSE_ASM -pg  conftest.c >&5
configure:6784: $? = 0
configure:6789: result: yes
configure:6899: checking for gzopen in -lz
configure:6922: gcc -o conftest -O2  -Ofast -fuse-linker-plugin -ftree-loop-if-convert-stores -march=native -DUSE_ASM -pg  -Iyes/include -Iyes/include   -Iyes/include -Iyes/include   -Lyes/lib -Lyes/lib  conftest.c -lz   >&5
configure:6922: $? = 0
configure:6932: result: yes
configure:6942: checking for EVP_DigestFinal_ex in -lcrypto
configure:6965: gcc -o conftest -O2  -Ofast -fuse-linker-plugin -ftree-loop-if-convert-stores -march=native -DUSE_ASM -pg  -Iyes/include -Iyes/include   -Iyes/include -Iyes/include   -Lyes/lib -Lyes/lib  conftest.c -lcrypto  -lz  >&5
configure:6965: $? = 0
configure:6975: result: yes
configure:6984: checking for SSL_free in -lssl
configure:7007: gcc -o conftest -O2  -Ofast -fuse-linker-plugin -ftree-loop-if-convert-stores -march=native -DUSE_ASM -pg  -Iyes/include -Iyes/include   -Iyes/include -Iyes/include   -Lyes/lib -Lyes/lib  conftest.c -lssl  -lz  >&5
configure:7007: $? = 0
configure:7017: result: yes
configure:7147: checking that generated files are newer than configure
configure:7153: result: done
configure:7216: creating ./config.status

## ---------------------- ##
## Running config.status. ##
## ---------------------- ##

This file was extended by cpuminer-multi config.status 1.3.7, which was
generated by GNU Autoconf 2.71.  Invocation command line was

  CONFIG_FILES    = 
  CONFIG_HEADERS  = 
  CONFIG_LINKS    = 
  CONFIG_COMMANDS = 
  $ ./config.status 

on ventiska

config.status:917: creating Makefile
config.status:917: creating compat/Makefile
config.status:917: creating compat/jansson/Makefile
config.status:917: creating cpuminer-config.h
config.status:1098: cpuminer-config.h is unchanged
config.status:1146: executing depfiles commands
config.status:1223: cd .       && sed -e '/# am--include-marker/d' Makefile         | make -f - am--depfiles
make: Nothing to be done for 'am--depfiles'.
config.status:1228: $? = 0
config.status:1223: cd compat/jansson       && sed -e '/# am--include-marker/d' Makefile         | make -f - am--depfiles
make: Nothing to be done for 'am--depfiles'.
config.status:1228: $? = 0

## ---------------- ##
## Cache variables. ##
## ---------------- ##

ac_cv_build=x86_64-pc-linux-gnu
ac_cv_c_compiler_gnu=yes
ac_cv_c_undeclared_builtin_options='none needed'
ac_cv_cxx_compiler_gnu=yes
ac_cv_env_CCASFLAGS_set=
ac_cv_env_CCASFLAGS_value=
ac_cv_env_CCAS_set=
ac_cv_env_CCAS_value=
ac_cv_env_CCC_set=
ac_cv_env_CCC_value=
ac_cv_env_CC_set=
ac_cv_env_CC_value=
ac_cv_env_CFLAGS_set=set
ac_cv_env_CFLAGS_value='-O2  -Ofast -fuse-linker-plugin -ftree-loop-if-convert-stores -march=native -DUSE_ASM -pg'
ac_cv_env_CPPFLAGS_set=
ac_cv_env_CPPFLAGS_value=
ac_cv_env_CPP_set=
ac_cv_env_CPP_value=
ac_cv_env_CXXFLAGS_set=
ac_cv_env_CXXFLAGS_value=
ac_cv_env_CXX_set=
ac_cv_env_CXX_value=
ac_cv_env_LDFLAGS_set=
ac_cv_env_LDFLAGS_value=
ac_cv_env_LIBS_set=
ac_cv_env_LIBS_value=
ac_cv_env_build_alias_set=
ac_cv_env_build_alias_value=
ac_cv_env_host_alias_set=
ac_cv_env_host_alias_value=
ac_cv_env_target_alias_set=
ac_cv_env_target_alias_value=
ac_cv_func_alloca_works=yes
ac_cv_func_getopt_long=yes
ac_cv_have_decl_be32dec=no
ac_cv_have_decl_be32enc=no
ac_cv_have_decl_le16dec=no
ac_cv_have_decl_le16enc=no
ac_cv_have_decl_le32dec=no
ac_cv_have_decl_le32enc=no
ac_cv_header_inttypes_h=yes
ac_cv_header_stdint_h=yes
ac_cv_header_stdio_h=yes
ac_cv_header_stdlib_h=yes
ac_cv_header_string_h=yes
ac_cv_header_strings_h=yes
ac_cv_header_sys_endian_h=no
ac_cv_header_sys_param_h=yes
ac_cv_header_sys_stat_h=yes
ac_cv_header_sys_sysctl_h=no
ac_cv_header_sys_types_h=yes
ac_cv_header_syslog_h=yes
ac_cv_header_unistd_h=yes
ac_cv_host=x86_64-pc-linux-gnu
ac_cv_lib_crypto_EVP_DigestFinal_ex=yes
ac_cv_lib_jansson_json_loads=no
ac_cv_lib_pthread_pthread_create=yes
ac_cv_lib_ssl_SSL_free=yes
ac_cv_lib_z_gzopen=yes
ac_cv_objext=o
ac_cv_path_EGREP='/usr/bin/grep -E'
ac_cv_path_GREP=/usr/bin/grep
ac_cv_path_install='/usr/bin/install -c'
ac_cv_path_mkdir=/usr/bin/mkdir
ac_cv_prog_AWK=gawk
ac_cv_prog_CPP='gcc -E'
ac_cv_prog_ac_ct_CC=gcc
ac_cv_prog_ac_ct_CXX=g++
ac_cv_prog_ac_ct_RANLIB=ranlib
ac_cv_prog_cc_c11=
ac_cv_prog_cc_g=yes
ac_cv_prog_cc_stdc=
ac_cv_prog_cxx_cxx11=
ac_cv_prog_cxx_g=yes
ac_cv_prog_cxx_stdcxx=
ac_cv_prog_gcc_traditional=no
ac_cv_prog_make_make_set=yes
ac_cv_target=x86_64-pc-linux-gnu
ac_cv_type_size_t=yes
ac_cv_working_alloca_h=yes
am_cv_CCAS_dependencies_compiler_type=gcc3
am_cv_CC_dependencies_compiler_type=gcc3
am_cv_CXX_dependencies_compiler_type=gcc3
am_cv_make_support_nested_variables=yes
am_cv_prog_cc_c_o=yes

## ----------------- ##
## Output variables. ##
## ----------------- ##

ACLOCAL='${SHELL} '\''/home/psy/Escritorio/ecoin-DEV/ecoin/miner/missing'\'' aclocal-1.16'
ALLOCA=''
AMDEPBACKSLASH='\'
AMDEP_FALSE='#'
AMDEP_TRUE=''
AMTAR='$${TAR-tar}'
AM_BACKSLASH='\'
AM_DEFAULT_V='$(AM_DEFAULT_VERBOSITY)'
AM_DEFAULT_VERBOSITY='1'
AM_V='$(V)'
ARCH_ARM_FALSE=''
ARCH_ARM_TRUE='#'
ARCH_x86_64_FALSE='#'
ARCH_x86_64_TRUE=''
ARCH_x86_FALSE=''
ARCH_x86_TRUE='#'
AUTOCONF='${SHELL} '\''/home/psy/Escritorio/ecoin-DEV/ecoin/miner/missing'\'' autoconf'
AUTOHEADER='${SHELL} '\''/home/psy/Escritorio/ecoin-DEV/ecoin/miner/missing'\'' autoheader'
AUTOMAKE='${SHELL} '\''/home/psy/Escritorio/ecoin-DEV/ecoin/miner/missing'\'' automake-1.16'
AWK='gawk'
CC='gcc'
CCAS='gcc'
CCASDEPMODE='depmode=gcc3'
CCASFLAGS='-O2  -Ofast -fuse-linker-plugin -ftree-loop-if-convert-stores -march=native -DUSE_ASM -pg'
CCDEPMODE='depmode=gcc3'
CFLAGS='-O2  -Ofast -fuse-linker-plugin -ftree-loop-if-convert-stores -march=native -DUSE_ASM -pg  -Iyes/include -Iyes/include'
CPP='gcc -E'
CPPFLAGS='  -Iyes/include -Iyes/include'
CSCOPE='cscope'
CTAGS='ctags'
CXX='g++'
CXXDEPMODE='depmode=gcc3'
CXXFLAGS='-g -O2'
CYGPATH_W='echo'
DEFS='-DHAVE_CONFIG_H'
DEPDIR='.deps'
ECHO_C=''
ECHO_N='-n'
ECHO_T=''
EGREP='/usr/bin/grep -E'
ETAGS='etags'
EXEEXT=''
GREP='/usr/bin/grep'
HAVE_WINDOWS_FALSE=''
HAVE_WINDOWS_TRUE='#'
INSTALL_DATA='${INSTALL} -m 644'
INSTALL_PROGRAM='${INSTALL}'
INSTALL_SCRIPT='${INSTALL}'
INSTALL_STRIP_PROGRAM='$(install_sh) -c -s'
JANSSON_LIBS='compat/jansson/libjansson.a'
LDFLAGS='  -Lyes/lib -Lyes/lib '
LIBCURL='-lcurl -lz -lssl -lcrypto'
LIBCURL_CFLAGS=' -Iyes/include -Iyes/include'
LIBCURL_CPPFLAGS=' -Iyes/include -Iyes/include'
LIBOBJS=''
LIBS='-lz '
LTLIBOBJS=''
MAINT='#'
MAINTAINER_MODE_FALSE=''
MAINTAINER_MODE_TRUE='#'
MAKEINFO='${SHELL} '\''/home/psy/Escritorio/ecoin-DEV/ecoin/miner/missing'\'' makeinfo'
MINGW_FALSE=''
MINGW_TRUE='#'
MKDIR_P='/usr/bin/mkdir -p'
OBJEXT='o'
PACKAGE='cpuminer-multi'
PACKAGE_BUGREPORT=''
PACKAGE_NAME='cpuminer-multi'
PACKAGE_STRING='cpuminer-multi 1.3.7'
PACKAGE_TARNAME='cpuminer-multi'
PACKAGE_URL=''
PACKAGE_VERSION='1.3.7'
PATH_SEPARATOR=':'
PTHREAD_FLAGS=''
PTHREAD_LIBS='-lpthread'
RANLIB='ranlib'
SET_MAKE=''
SHELL='/bin/bash'
STRIP=''
USE_ASM_FALSE='#'
USE_ASM_TRUE=''
VERSION='1.3.7'
WANT_JANSSON_FALSE='#'
WANT_JANSSON_TRUE=''
WS2_LIBS=''
ac_ct_CC='gcc'
ac_ct_CXX='g++'
am__EXEEXT_FALSE=''
am__EXEEXT_TRUE='#'
am__fastdepCCAS_FALSE='#'
am__fastdepCCAS_TRUE=''
am__fastdepCC_FALSE='#'
am__fastdepCC_TRUE=''
am__fastdepCXX_FALSE='#'
am__fastdepCXX_TRUE=''
am__include='include'
am__isrc=''
am__leading_dot='.'
am__nodep='_no'
am__quote=''
am__tar='$${TAR-tar} chof - "$$tardir"'
am__untar='$${TAR-tar} xf -'
bindir='${exec_prefix}/bin'
build='x86_64-pc-linux-gnu'
build_alias=''
build_cpu='x86_64'
build_os='linux-gnu'
build_vendor='pc'
datadir='${datarootdir}'
datarootdir='${prefix}/share'
docdir='${datarootdir}/doc/${PACKAGE_TARNAME}'
dvidir='${docdir}'
exec_prefix='${prefix}'
host='x86_64-pc-linux-gnu'
host_alias=''
host_cpu='x86_64'
host_os='linux-gnu'
host_vendor='pc'
htmldir='${docdir}'
includedir='${prefix}/include'
infodir='${datarootdir}/info'
install_sh='${SHELL} /home/psy/Escritorio/ecoin-DEV/ecoin/miner/install-sh'
libdir='${exec_prefix}/lib'
libexecdir='${exec_prefix}/libexec'
localedir='${datarootdir}/locale'
localstatedir='${prefix}/var'
mandir='${datarootdir}/man'
mkdir_p='$(MKDIR_P)'
oldincludedir='/usr/include'
pdfdir='${docdir}'
prefix='/usr/local'
program_transform_name='s,x,x,'
psdir='${docdir}'
runstatedir='${localstatedir}/run'
sbindir='${exec_prefix}/sbin'
sharedstatedir='${prefix}/com'
sysconfdir='${prefix}/etc'
target='x86_64-pc-linux-gnu'
target_alias=''
target_cpu='x86_64'
target_os='linux-gnu'
target_vendor='pc'

## ----------- ##
## confdefs.h. ##
## ----------- ##

/* confdefs.h */
#define PACKAGE_NAME "cpuminer-multi"
#define PACKAGE_TARNAME "cpuminer-multi"
#define PACKAGE_VERSION "1.3.7"
#define PACKAGE_STRING "cpuminer-multi 1.3.7"
#define PACKAGE_BUGREPORT ""
#define PACKAGE_URL ""
#define PACKAGE "cpuminer-multi"
#define VERSION "1.3.7"
#define HAVE_STDIO_H 1
#define HAVE_STDLIB_H 1
#define HAVE_STRING_H 1
#define HAVE_INTTYPES_H 1
#define HAVE_STDINT_H 1
#define HAVE_STRINGS_H 1
#define HAVE_SYS_STAT_H 1
#define HAVE_SYS_TYPES_H 1
#define HAVE_UNISTD_H 1
#define STDC_HEADERS 1
#define HAVE_SYS_PARAM_H 1
#define HAVE_SYSLOG_H 1
#define HAVE_DECL_BE32DEC 0
#define HAVE_DECL_LE32DEC 0
#define HAVE_DECL_BE32ENC 0
#define HAVE_DECL_LE32ENC 0
#define HAVE_DECL_LE16DEC 0
#define HAVE_DECL_LE16ENC 0
#define HAVE_ALLOCA_H 1
#define HAVE_ALLOCA 1
#define HAVE_GETOPT_LONG 1
#define USE_ASM 1
#define USE_AVX 1
#define USE_XOP 1
#define USE_AVX2 1
#define USE_INT128 1
#define HAVE_LIBZ 1

configure: exit 0
